<?xml version='1.0' encoding='UTF-8' ?>
<testsuite name="com.example.apps.ExampleInstrumentedTest" tests="1" failures="0" errors="0" skipped="0" time="0.018" timestamp="2019-03-10T07:27:45" hostname="localhost">
  <properties>
    <property name="device" value="Nexus_5X_API_27(AVD) - 8.1.0" />
    <property name="flavor" value="" />
    <property name="project" value="app" />
  </properties>
  <testcase name="useAppContext" classname="com.example.apps.ExampleInstrumentedTest" time="0.044" />
</testsuite>